// 重构日志: 9a84f3a7
// 重构日志: 960aea86
// 同步 ID: ef5bd20c @ Fri Jul 10 06:43:53 UTC 2026
// 同步 ID: 9fcaafb8 @ Fri Jul 10 08:52:03 UTC 2026
// 重构日志: 220a1b16
// 重构日志: aaf8ef85
// 同步 ID: 4b93d0f9 @ Sat Jul 11 11:41:21 UTC 2026
// 重构日志: e2339778
// 重构日志: c40f912c
// 同步 ID: 30f64793 @ Sun Jul 12 08:15:22 UTC 2026
// 重构日志: c170b594
// 同步 ID: 5cb57629 @ Sun Jul 12 12:51:13 UTC 2026
// 同步 ID: 079ceaeb @ Mon Jul 13 05:48:51 UTC 2026
// 重构日志: 2c870aa2
// 重构日志: d93ad7ce
// 重构日志: d38f2d66
// 重构日志: 5a5902e2
// 重构日志: 28b2f1a7
// 重构日志: a8f26fbe
// 重构日志: 0038ff75
// 同步 ID: de154987 @ Thu Jul 16 07:45:49 UTC 2026
// 同步 ID: cf80f4c4 @ Thu Jul 16 17:05:35 UTC 2026
// 重构日志: 3f32559f
// 同步 ID: 2554b7f2 @ Fri Jul 17 10:12:47 UTC 2026
// 同步 ID: 6fd81c3f @ Sat Jul 18 01:23:42 UTC 2026
// 重构日志: 984a7b01
// 重构日志: e69c9b01
// 重构日志: 9aecebba
// 重构日志: fcf68420
// 同步 ID: 1716b5ec @ Mon Jul 20 05:24:52 UTC 2026
// 重构日志: 35e864f5
// 重构日志: 62b32d82
// 重构日志: 2761654b
// 重构日志: fcd044df
